# JRE version: Java(TM) SE Runtime Environment (8.0_171-b11) (build 1.8.0_171-b11)
# Java VM: Java HotSpot(TM) 64-Bit Server VM (25.171-b11 mixed mode windows-amd64 compressed oops)
Heap:
 PSYoungGen      total 210944K, used 129739K [0x0000000770800000, 0x000000077f480000, 0x00000007f0800000)
  eden space 196608K, 58% used [0x0000000770800000,0x00000007778b6b50,0x000000077c800000)
  from space 14336K, 99% used [0x000000077dc80000,0x000000077ea7c1b8,0x000000077ea80000)
  to   space 20992K, 0% used [0x000000077c800000,0x000000077c800000,0x000000077dc80000)
 ParOldGen       total 175104K, used 25071K [0x0000000670800000, 0x000000067b300000, 0x0000000770800000)
  object space 175104K, 14% used [0x0000000670800000,0x000000067207bc40,0x000000067b300000)
 Metaspace       used 51705K, capacity 53218K, committed 53504K, reserved 1095680K
  class space    used 7391K, capacity 7855K, committed 7936K, reserved 1048576K
GC Heap History (10 events):
Event: 3.248 GC heap before
{Heap before GC invocations=6 (full 1):
 PSYoungGen      total 100864K, used 100562K [0x0000000770800000, 0x0000000779b00000, 0x00000007f0800000)
  eden space 92160K, 100% used [0x0000000770800000,0x0000000776200000,0x0000000776200000)
  from space 8704K, 96% used [0x0000000779280000,0x0000000779ab48f8,0x0000000779b00000)
  to   space 10752K, 0% used [0x0000000778600000,0x0000000778600000,0x0000000779080000)
 ParOldGen       total 175104K, used 11013K [0x0000000670800000, 0x000000067b300000, 0x0000000770800000)
  object space 175104K, 6% used [0x0000000670800000,0x00000006712c1570,0x000000067b300000)
 Metaspace       used 34258K, capacity 34982K, committed 35072K, reserved 1079296K
  class space    used 4856K, capacity 5041K, committed 5120K, reserved 1048576K
Event: 3.257 GC heap after
Heap after GC invocations=6 (full 1):
 PSYoungGen      total 139776K, used 10738K [0x0000000770800000, 0x000000077a300000, 0x00000007f0800000)
  eden space 129024K, 0% used [0x0000000770800000,0x0000000770800000,0x0000000778600000)
  from space 10752K, 99% used [0x0000000778600000,0x000000077907cab0,0x0000000779080000)
  to   space 13824K, 0% used [0x0000000779580000,0x0000000779580000,0x000000077a300000)
 ParOldGen       total 175104K, used 12095K [0x0000000670800000, 0x000000067b300000, 0x0000000770800000)
  object space 175104K, 6% used [0x0000000670800000,0x00000006713cfd60,0x000000067b300000)
 Metaspace       used 34258K, capacity 34982K, committed 35072K, reserved 1079296K
  class space    used 4856K, capacity 5041K, committed 5120K, reserved 1048576K
}
Event: 3.305 GC heap before
{Heap before GC invocations=7 (full 1):
 PSYoungGen      total 139776K, used 19780K [0x0000000770800000, 0x000000077a300000, 0x00000007f0800000)
  eden space 129024K, 7% used [0x0000000770800000,0x00000007710d4690,0x0000000778600000)
  from space 10752K, 99% used [0x0000000778600000,0x000000077907cab0,0x0000000779080000)
  to   space 13824K, 0% used [0x0000000779580000,0x0000000779580000,0x000000077a300000)
 ParOldGen       total 175104K, used 12095K [0x0000000670800000, 0x000000067b300000, 0x0000000770800000)
  object space 175104K, 6% used [0x0000000670800000,0x00000006713cfd60,0x000000067b300000)
 Metaspace       used 34539K, capacity 35350K, committed 35496K, reserved 1079296K
  class space    used 4910K, capacity 5097K, committed 5120K, reserved 1048576K
Event: 3.310 GC heap after
Heap after GC invocations=7 (full 1):
 PSYoungGen      total 144896K, used 6736K [0x0000000770800000, 0x000000077f200000, 0x00000007f0800000)
  eden space 131072K, 0% used [0x0000000770800000,0x0000000770800000,0x0000000778800000)
  from space 13824K, 48% used [0x0000000779580000,0x0000000779c14010,0x000000077a300000)
  to   space 13824K, 0% used [0x0000000778800000,0x0000000778800000,0x0000000779580000)
 ParOldGen       total 175104K, used 12103K [0x0000000670800000, 0x000000067b300000, 0x0000000770800000)
  object space 175104K, 6% used [0x0000000670800000,0x00000006713d1d60,0x000000067b300000)
 Metaspace       used 34539K, capacity 35350K, committed 35496K, reserved 1079296K
  class space    used 4910K, capacity 5097K, committed 5120K, reserved 1048576K
}
Event: 3.310 GC heap before
{Heap before GC invocations=8 (full 2):
 PSYoungGen      total 144896K, used 6736K [0x0000000770800000, 0x000000077f200000, 0x00000007f0800000)
  eden space 131072K, 0% used [0x0000000770800000,0x0000000770800000,0x0000000778800000)
  from space 13824K, 48% used [0x0000000779580000,0x0000000779c14010,0x000000077a300000)
  to   space 13824K, 0% used [0x0000000778800000,0x0000000778800000,0x0000000779580000)
 ParOldGen       total 175104K, used 12103K [0x0000000670800000, 0x000000067b300000, 0x0000000770800000)
  object space 175104K, 6% used [0x0000000670800000,0x00000006713d1d60,0x000000067b300000)
 Metaspace       used 34539K, capacity 35350K, committed 35496K, reserved 1079296K
  class space    used 4910K, capacity 5097K, committed 5120K, reserved 1048576K
Event: 3.342 GC heap after
Heap after GC invocations=8 (full 2):
 PSYoungGen      total 144896K, used 0K [0x0000000770800000, 0x000000077f200000, 0x00000007f0800000)
  eden space 131072K, 0% used [0x0000000770800000,0x0000000770800000,0x0000000778800000)
  from space 13824K, 0% used [0x0000000779580000,0x0000000779580000,0x000000077a300000)
  to   space 13824K, 0% used [0x0000000778800000,0x0000000778800000,0x0000000779580000)
 ParOldGen       total 175104K, used 13837K [0x0000000670800000, 0x000000067b300000, 0x0000000770800000)
  object space 175104K, 7% used [0x0000000670800000,0x00000006715835f0,0x000000067b300000)
 Metaspace       used 34503K, capacity 35230K, committed 35496K, reserved 1079296K
  class space    used 4899K, capacity 5077K, committed 5120K, reserved 1048576K
}
Event: 4.231 GC heap before
{Heap before GC invocations=9 (full 2):
 PSYoungGen      total 144896K, used 131072K [0x0000000770800000, 0x000000077f200000, 0x00000007f0800000)
  eden space 131072K, 100% used [0x0000000770800000,0x0000000778800000,0x0000000778800000)
  from space 13824K, 0% used [0x0000000779580000,0x0000000779580000,0x000000077a300000)
  to   space 13824K, 0% used [0x0000000778800000,0x0000000778800000,0x0000000779580000)
 ParOldGen       total 175104K, used 13837K [0x0000000670800000, 0x000000067b300000, 0x0000000770800000)
  object space 175104K, 7% used [0x0000000670800000,0x00000006715835f0,0x000000067b300000)
 Metaspace       used 39454K, capacity 40572K, committed 40832K, reserved 1083392K
  class space    used 5669K, capacity 5982K, committed 6016K, reserved 1048576K
Event: 4.240 GC heap after
Heap after GC invocations=9 (full 2):
 PSYoungGen      total 144896K, used 11112K [0x0000000770800000, 0x000000077ea80000, 0x00000007f0800000)
  eden space 131072K, 0% used [0x0000000770800000,0x0000000770800000,0x0000000778800000)
  from space 13824K, 80% used [0x0000000778800000,0x00000007792da080,0x0000000779580000)
  to   space 14336K, 0% used [0x000000077dc80000,0x000000077dc80000,0x000000077ea80000)
 ParOldGen       total 175104K, used 13845K [0x0000000670800000, 0x000000067b300000, 0x0000000770800000)
  object space 175104K, 7% used [0x0000000670800000,0x00000006715855f0,0x000000067b300000)
 Metaspace       used 39454K, capacity 40572K, committed 40832K, reserved 1083392K
  class space    used 5669K, capacity 5982K, committed 6016K, reserved 1048576K
}
Event: 5.521 GC heap before
{Heap before GC invocations=10 (full 2):
 PSYoungGen      total 144896K, used 142184K [0x0000000770800000, 0x000000077ea80000, 0x00000007f0800000)
  eden space 131072K, 100% used [0x0000000770800000,0x0000000778800000,0x0000000778800000)
  from space 13824K, 80% used [0x0000000778800000,0x00000007792da080,0x0000000779580000)
  to   space 14336K, 0% used [0x000000077dc80000,0x000000077dc80000,0x000000077ea80000)
 ParOldGen       total 175104K, used 13845K [0x0000000670800000, 0x000000067b300000, 0x0000000770800000)
  object space 175104K, 7% used [0x0000000670800000,0x00000006715855f0,0x000000067b300000)
 Metaspace       used 48212K, capacity 49492K, committed 49664K, reserved 1091584K
  class space    used 6964K, capacity 7314K, committed 7424K, reserved 1048576K
Event: 5.541 GC heap after
Heap after GC invocations=10 (full 2):
 PSYoungGen      total 210944K, used 14320K [0x0000000770800000, 0x000000077f480000, 0x00000007f0800000)
  eden space 196608K, 0% used [0x0000000770800000,0x0000000770800000,0x000000077c800000)
  from space 14336K, 99% used [0x000000077dc80000,0x000000077ea7c1b8,0x000000077ea80000)
  to   space 20992K, 0% used [0x000000077c800000,0x000000077c800000,0x000000077dc80000)
 ParOldGen       total 175104K, used 25071K [0x0000000670800000, 0x000000067b300000, 0x0000000770800000)
  object space 175104K, 14% used [0x0000000670800000,0x000000067207bc40,0x000000067b300000)
 Metaspace       used 48212K, capacity 49492K, committed 49664K, reserved 1091584K
  class space    used 6964K, capacity 7314K, committed 7424K, reserved 1048576K
}

