# JRE version: Java(TM) SE Runtime Environment (8.0_171-b11) (build 1.8.0_171-b11)
# Java VM: Java HotSpot(TM) 64-Bit Server VM (25.171-b11 mixed mode windows-amd64 compressed oops)
Heap:
 PSYoungGen      total 74752K, used 64211K [0x00000000f5580000, 0x00000000fba00000, 0x0000000100000000)
  eden space 64000K, 83% used [0x00000000f5580000,0x00000000f89b83a8,0x00000000f9400000)
  from space 10752K, 99% used [0x00000000f9580000,0x00000000f9ffca80,0x00000000fa000000)
  to   space 19456K, 0% used [0x00000000fa700000,0x00000000fa700000,0x00000000fba00000)
 ParOldGen       total 175104K, used 22571K [0x00000000e0000000, 0x00000000eab00000, 0x00000000f5580000)
  object space 175104K, 12% used [0x00000000e0000000,0x00000000e160af30,0x00000000eab00000)
 Metaspace       used 20654K, capacity 21018K, committed 21248K, reserved 1069056K
  class space    used 2314K, capacity 2433K, committed 2560K, reserved 1048576K
GC Heap History (10 events):
Event: 1.028 GC heap before
{Heap before GC invocations=1 (full 0):
 PSYoungGen      total 76288K, used 65536K [0x00000000f5580000, 0x00000000faa80000, 0x0000000100000000)
  eden space 65536K, 100% used [0x00000000f5580000,0x00000000f9580000,0x00000000f9580000)
  from space 10752K, 0% used [0x00000000fa000000,0x00000000fa000000,0x00000000faa80000)
  to   space 10752K, 0% used [0x00000000f9580000,0x00000000f9580000,0x00000000fa000000)
 ParOldGen       total 175104K, used 0K [0x00000000e0000000, 0x00000000eab00000, 0x00000000f5580000)
  object space 175104K, 0% used [0x00000000e0000000,0x00000000e0000000,0x00000000eab00000)
 Metaspace       used 14129K, capacity 14420K, committed 14592K, reserved 1062912K
  class space    used 1686K, capacity 1780K, committed 1792K, reserved 1048576K
Event: 1.038 GC heap after
Heap after GC invocations=1 (full 0):
 PSYoungGen      total 76288K, used 10725K [0x00000000f5580000, 0x00000000faa80000, 0x0000000100000000)
  eden space 65536K, 0% used [0x00000000f5580000,0x00000000f5580000,0x00000000f9580000)
  from space 10752K, 99% used [0x00000000f9580000,0x00000000f9ff97f8,0x00000000fa000000)
  to   space 10752K, 0% used [0x00000000fa000000,0x00000000fa000000,0x00000000faa80000)
 ParOldGen       total 175104K, used 4851K [0x00000000e0000000, 0x00000000eab00000, 0x00000000f5580000)
  object space 175104K, 2% used [0x00000000e0000000,0x00000000e04bce40,0x00000000eab00000)
 Metaspace       used 14129K, capacity 14420K, committed 14592K, reserved 1062912K
  class space    used 1686K, capacity 1780K, committed 1792K, reserved 1048576K
}
Event: 3.678 GC heap before
{Heap before GC invocations=2 (full 0):
 PSYoungGen      total 76288K, used 76261K [0x00000000f5580000, 0x00000000faa80000, 0x0000000100000000)
  eden space 65536K, 100% used [0x00000000f5580000,0x00000000f9580000,0x00000000f9580000)
  from space 10752K, 99% used [0x00000000f9580000,0x00000000f9ff97f8,0x00000000fa000000)
  to   space 10752K, 0% used [0x00000000fa000000,0x00000000fa000000,0x00000000faa80000)
 ParOldGen       total 175104K, used 4851K [0x00000000e0000000, 0x00000000eab00000, 0x00000000f5580000)
  object space 175104K, 2% used [0x00000000e0000000,0x00000000e04bce40,0x00000000eab00000)
 Metaspace       used 19580K, capacity 19994K, committed 20096K, reserved 1067008K
  class space    used 2291K, capacity 2385K, committed 2432K, reserved 1048576K
Event: 3.692 GC heap after
Heap after GC invocations=2 (full 0):
 PSYoungGen      total 76288K, used 10740K [0x00000000f5580000, 0x00000000faa80000, 0x0000000100000000)
  eden space 65536K, 0% used [0x00000000f5580000,0x00000000f5580000,0x00000000f9580000)
  from space 10752K, 99% used [0x00000000fa000000,0x00000000faa7d258,0x00000000faa80000)
  to   space 10752K, 0% used [0x00000000f9580000,0x00000000f9580000,0x00000000fa000000)
 ParOldGen       total 175104K, used 5744K [0x00000000e0000000, 0x00000000eab00000, 0x00000000f5580000)
  object space 175104K, 3% used [0x00000000e0000000,0x00000000e059c170,0x00000000eab00000)
 Metaspace       used 19580K, capacity 19994K, committed 20096K, reserved 1067008K
  class space    used 2291K, capacity 2385K, committed 2432K, reserved 1048576K
}
Event: 4.407 GC heap before
{Heap before GC invocations=3 (full 0):
 PSYoungGen      total 76288K, used 76276K [0x00000000f5580000, 0x00000000faa80000, 0x0000000100000000)
  eden space 65536K, 100% used [0x00000000f5580000,0x00000000f9580000,0x00000000f9580000)
  from space 10752K, 99% used [0x00000000fa000000,0x00000000faa7d258,0x00000000faa80000)
  to   space 10752K, 0% used [0x00000000f9580000,0x00000000f9580000,0x00000000fa000000)
 ParOldGen       total 175104K, used 5744K [0x00000000e0000000, 0x00000000eab00000, 0x00000000f5580000)
  object space 175104K, 3% used [0x00000000e0000000,0x00000000e059c170,0x00000000eab00000)
 Metaspace       used 19910K, capacity 20360K, committed 20608K, reserved 1067008K
  class space    used 2304K, capacity 2430K, committed 2432K, reserved 1048576K
Event: 4.415 GC heap after
Heap after GC invocations=3 (full 0):
 PSYoungGen      total 76288K, used 10739K [0x00000000f5580000, 0x00000000faa80000, 0x0000000100000000)
  eden space 65536K, 0% used [0x00000000f5580000,0x00000000f5580000,0x00000000f9580000)
  from space 10752K, 99% used [0x00000000f9580000,0x00000000f9ffcf20,0x00000000fa000000)
  to   space 10752K, 0% used [0x00000000fa000000,0x00000000fa000000,0x00000000faa80000)
 ParOldGen       total 175104K, used 10207K [0x00000000e0000000, 0x00000000eab00000, 0x00000000f5580000)
  object space 175104K, 5% used [0x00000000e0000000,0x00000000e09f7ca8,0x00000000eab00000)
 Metaspace       used 19910K, capacity 20360K, committed 20608K, reserved 1067008K
  class space    used 2304K, capacity 2430K, committed 2432K, reserved 1048576K
}
Event: 7.829 GC heap before
{Heap before GC invocations=4 (full 0):
 PSYoungGen      total 76288K, used 76275K [0x00000000f5580000, 0x00000000faa80000, 0x0000000100000000)
  eden space 65536K, 100% used [0x00000000f5580000,0x00000000f9580000,0x00000000f9580000)
  from space 10752K, 99% used [0x00000000f9580000,0x00000000f9ffcf20,0x00000000fa000000)
  to   space 10752K, 0% used [0x00000000fa000000,0x00000000fa000000,0x00000000faa80000)
 ParOldGen       total 175104K, used 10207K [0x00000000e0000000, 0x00000000eab00000, 0x00000000f5580000)
  object space 175104K, 5% used [0x00000000e0000000,0x00000000e09f7ca8,0x00000000eab00000)
 Metaspace       used 20327K, capacity 20744K, committed 20864K, reserved 1067008K
  class space    used 2311K, capacity 2430K, committed 2432K, reserved 1048576K
Event: 7.844 GC heap after
Heap after GC invocations=4 (full 0):
 PSYoungGen      total 76288K, used 10749K [0x00000000f5580000, 0x00000000faa80000, 0x0000000100000000)
  eden space 65536K, 0% used [0x00000000f5580000,0x00000000f5580000,0x00000000f9580000)
  from space 10752K, 99% used [0x00000000fa000000,0x00000000faa7f7a0,0x00000000faa80000)
  to   space 10752K, 0% used [0x00000000f9580000,0x00000000f9580000,0x00000000fa000000)
 ParOldGen       total 175104K, used 16099K [0x00000000e0000000, 0x00000000eab00000, 0x00000000f5580000)
  object space 175104K, 9% used [0x00000000e0000000,0x00000000e0fb8c58,0x00000000eab00000)
 Metaspace       used 20327K, capacity 20744K, committed 20864K, reserved 1067008K
  class space    used 2311K, capacity 2430K, committed 2432K, reserved 1048576K
}
Event: 16.433 GC heap before
{Heap before GC invocations=5 (full 0):
 PSYoungGen      total 76288K, used 76285K [0x00000000f5580000, 0x00000000faa80000, 0x0000000100000000)
  eden space 65536K, 100% used [0x00000000f5580000,0x00000000f9580000,0x00000000f9580000)
  from space 10752K, 99% used [0x00000000fa000000,0x00000000faa7f7a0,0x00000000faa80000)
  to   space 10752K, 0% used [0x00000000f9580000,0x00000000f9580000,0x00000000fa000000)
 ParOldGen       total 175104K, used 16099K [0x00000000e0000000, 0x00000000eab00000, 0x00000000f5580000)
  object space 175104K, 9% used [0x00000000e0000000,0x00000000e0fb8c58,0x00000000eab00000)
 Metaspace       used 20531K, capacity 20948K, committed 21120K, reserved 1069056K
  class space    used 2313K, capacity 2432K, committed 2432K, reserved 1048576K
Event: 16.443 GC heap after
Heap after GC invocations=5 (full 0):
 PSYoungGen      total 74752K, used 10738K [0x00000000f5580000, 0x00000000fba00000, 0x0000000100000000)
  eden space 64000K, 0% used [0x00000000f5580000,0x00000000f5580000,0x00000000f9400000)
  from space 10752K, 99% used [0x00000000f9580000,0x00000000f9ffca80,0x00000000fa000000)
  to   space 19456K, 0% used [0x00000000fa700000,0x00000000fa700000,0x00000000fba00000)
 ParOldGen       total 175104K, used 22571K [0x00000000e0000000, 0x00000000eab00000, 0x00000000f5580000)
  object space 175104K, 12% used [0x00000000e0000000,0x00000000e160af30,0x00000000eab00000)
 Metaspace       used 20531K, capacity 20948K, committed 21120K, reserved 1069056K
  class space    used 2313K, capacity 2432K, committed 2432K, reserved 1048576K
}

